<?xml version="1.0" encoding="UTF-8"?>
<!-- Generated by org.testng.reporters.JUnitXMLReporter -->
<testsuite hostname="DESKTOP-NALDS22" ignored="0" name="Default-Test" tests="36" failures="0" timestamp="2021-06-30T01:32:55 IST" time="53.504" errors="0">
  <testcase name="Tc001" time="3.747" classname="mini_Project.Element_Textbox_Verification"/>
  <testcase name="Tc002" time="0.285" classname="mini_Project.Element_Textbox_Verification"/>
  <testcase name="Tc003" time="0.146" classname="mini_Project.Element_Textbox_Verification"/>
  <testcase name="Tc004" time="0.738" classname="mini_Project.Element_Textbox_Verification"/>
  <testcase name="Tc005" time="0.103" classname="mini_Project.Element_Textbox_Verification"/>
  <testcase name="Tc006" time="0.41" classname="mini_Project.Element_Textbox_Verification"/>
  <testcase name="Tc007" time="0.1" classname="mini_Project.Element_Textbox_Verification"/>
  <testcase name="Tc008" time="0.422" classname="mini_Project.Element_Textbox_Verification"/>
  <testcase name="Tc009" time="0.086" classname="mini_Project.Element_Textbox_Verification"/>
  <testcase name="Tc0010" time="0.381" classname="mini_Project.Element_Textbox_Verification"/>
  <testcase name="Tc0011" time="2.18" classname="mini_Project.Element_Textbox_Verification"/>
  <testcase name="Tc0012" time="0.05" classname="mini_Project.Element_Textbox_Verification"/>
  <testcase name="Tc001" time="0.402" classname="mini_Project.Checkbox_Verification"/>
  <testcase name="Tc002" time="0.167" classname="mini_Project.Checkbox_Verification"/>
  <testcase name="Tc003" time="0.336" classname="mini_Project.Checkbox_Verification"/>
  <testcase name="Tc004" time="0.155" classname="mini_Project.Checkbox_Verification"/>
  <testcase name="Tc005" time="5.398" classname="mini_Project.Checkbox_Verification"/>
  <testcase name="Tc006" time="5.387" classname="mini_Project.Checkbox_Verification"/>
  <testcase name="Tc007" time="5.389" classname="mini_Project.Checkbox_Verification"/>
  <testcase name="Tc008" time="0.175" classname="mini_Project.Checkbox_Verification"/>
  <testcase name="Tc009" time="0.335" classname="mini_Project.Checkbox_Verification"/>
  <testcase name="Tc0010" time="0.152" classname="mini_Project.Checkbox_Verification"/>
  <testcase name="Tc0011" time="0.365" classname="mini_Project.Checkbox_Verification"/>
  <testcase name="Tc0012" time="0.331" classname="mini_Project.Checkbox_Verification"/>
  <testcase name="Tc0013" time="3.352" classname="mini_Project.Checkbox_Verification"/>
  <testcase name="Tc0014" time="0.395" classname="mini_Project.Checkbox_Verification"/>
  <testcase name="Tc0015" time="0.149" classname="mini_Project.Checkbox_Verification"/>
  <testcase name="Tc0016" time="0.346" classname="mini_Project.Checkbox_Verification"/>
  <testcase name="Tc0017" time="0.338" classname="mini_Project.Checkbox_Verification"/>
  <testcase name="Tc0018" time="0.358" classname="mini_Project.Checkbox_Verification"/>
  <testcase name="Tc0019" time="0.326" classname="mini_Project.Checkbox_Verification"/>
  <testcase name="Tc0020" time="0.343" classname="mini_Project.Checkbox_Verification"/>
  <testcase name="Tc0021" time="0.153" classname="mini_Project.Checkbox_Verification"/>
  <testcase name="Tc0022" time="0.345" classname="mini_Project.Checkbox_Verification"/>
  <testcase name="Tc0023" time="0.328" classname="mini_Project.Checkbox_Verification"/>
  <testcase name="Tc0024" time="0.359" classname="mini_Project.Checkbox_Verification"/>
</testsuite> <!-- Default-Test -->
